15:27:57 INFO  : Registering command handlers for SDK TCF services
15:27:58 INFO  : Launching XSCT server: xsct.bat -interactive D:\Xilinx\Projects\ECE-253-Final-Project\Qwop\Qwop.sdk\temp_xsdb_launch_script.tcl
15:28:00 INFO  : XSCT server has started successfully.
15:28:00 INFO  : Successfully done setting XSCT server connection channel  
15:28:01 INFO  : Successfully done setting SDK workspace  
15:28:01 INFO  : Processing command line option -hwspec D:/Xilinx/Projects/ECE-253-Final-Project/Qwop/Qwop.sdk/system_wrapper.hdf.
15:37:53 INFO  : Inferring section assignments and sizes from elf file: D:\Xilinx\Projects\ECE-253-Final-Project\Qwop\Qwop.sdk\qwop\Debug\qwop.elf
15:37:58 INFO  : Successfully generated D:\Xilinx\Projects\ECE-253-Final-Project\Qwop\Qwop.sdk\qwop\src\lscript.ld.
15:37:58 INFO  : Applying linker script to all configurations of project qwop.
15:37:58 INFO  : Setting rebuild state to true for all configurations of project qwop.
15:38:34 INFO  : Connected to target on host '127.0.0.1' and port '3121'.
15:38:36 INFO  : 'targets -set -filter {jtag_cable_name =~ "Digilent Nexys4DDR 210292A4C40EA" && level==0} -index 0' command is executed.
15:38:38 INFO  : FPGA configured successfully with bitstream "D:/Xilinx/Projects/ECE-253-Final-Project/Qwop/Qwop.sdk/system_wrapper_hw_platform_0/download.bit"
15:38:48 WARN  : Given IPC port value is invalid. Using default port 2350
15:38:48 WARN  : Given XMD timeout value is invalid. Using default value of 50000
15:38:51 WARN  : Given XMD transaction timeout value is invalid. Using default value of 60000 milli seconds
15:38:51 WARN  : Given XMD transaction timeout value is invalid. Using default value of 60000 milli seconds
15:38:53 WARN  : Given XMD transaction timeout value is invalid. Using default value of 60000 milli seconds
15:38:53 WARN  : Given XMD transaction timeout value is invalid. Using default value of 60000 milli seconds
15:38:53 WARN  : Given XMD transaction timeout value is invalid. Using default value of 60000 milli seconds
15:38:53 WARN  : Given XMD transaction timeout value is invalid. Using default value of 60000 milli seconds
15:38:53 WARN  : Given XMD transaction timeout value is invalid. Using default value of 60000 milli seconds
15:38:54 INFO  : Processor reset is completed for microblaze_0
15:38:54 WARN  : Given XMD transaction timeout value is invalid. Using default value of 60000 milli seconds
15:38:54 WARN  : Given XMD transaction timeout value is invalid. Using default value of 60000 milli seconds
15:38:54 WARN  : Given XMD transaction timeout value is invalid. Using default value of 60000 milli seconds
15:38:54 WARN  : Given XMD transaction timeout value is invalid. Using default value of 60000 milli seconds
15:38:54 WARN  : Given XMD transaction timeout value is invalid. Using default value of 60000 milli seconds
15:38:54 WARN  : Given XMD transaction timeout value is invalid. Using default value of 60000 milli seconds
15:39:34 WARN  : Given XMD transaction timeout value is invalid. Using default value of 60000 milli seconds
15:39:34 INFO  : microblaze_0 Processor is in use. Please stop existing Run or Debug sessions before launching.
15:39:35 WARN  : Given XMD transaction timeout value is invalid. Using default value of 60000 milli seconds
15:39:35 WARN  : Given XMD transaction timeout value is invalid. Using default value of 60000 milli seconds
15:39:35 WARN  : Given XMD transaction timeout value is invalid. Using default value of 60000 milli seconds
15:39:35 INFO  : Processor reset is completed for microblaze_0
15:39:35 WARN  : Given XMD transaction timeout value is invalid. Using default value of 60000 milli seconds
15:39:36 WARN  : Given XMD transaction timeout value is invalid. Using default value of 60000 milli seconds
15:39:36 WARN  : Given XMD transaction timeout value is invalid. Using default value of 60000 milli seconds
15:39:36 WARN  : Given XMD transaction timeout value is invalid. Using default value of 60000 milli seconds
15:39:36 WARN  : Given XMD transaction timeout value is invalid. Using default value of 60000 milli seconds
15:39:36 WARN  : Given XMD transaction timeout value is invalid. Using default value of 60000 milli seconds
15:39:36 WARN  : Given XMD transaction timeout value is invalid. Using default value of 60000 milli seconds
15:55:09 INFO  : Inferring section assignments and sizes from elf file: D:\Xilinx\Projects\ECE-253-Final-Project\Qwop\Qwop.sdk\qwop\Debug\qwop.elf
15:55:12 INFO  : Successfully generated D:\Xilinx\Projects\ECE-253-Final-Project\Qwop\Qwop.sdk\qwop\src\lscript.ld.
15:55:12 INFO  : Applying linker script to all configurations of project qwop.
15:55:12 INFO  : Setting rebuild state to true for all configurations of project qwop.
15:55:59 INFO  : Connected to target on host '127.0.0.1' and port '3121'.
15:55:59 INFO  : 'targets -set -filter {jtag_cable_name =~ "Digilent Nexys4DDR 210292A4C40EA" && level==0} -index 0' command is executed.
15:56:01 INFO  : FPGA configured successfully with bitstream "D:/Xilinx/Projects/ECE-253-Final-Project/Qwop/Qwop.sdk/system_wrapper_hw_platform_0/download.bit"
15:56:20 WARN  : Given XMD transaction timeout value is invalid. Using default value of 60000 milli seconds
15:56:20 INFO  : microblaze_0 Processor is in use. Please stop existing Run or Debug sessions before launching.
15:56:22 WARN  : Given XMD transaction timeout value is invalid. Using default value of 60000 milli seconds
15:56:22 WARN  : Given XMD transaction timeout value is invalid. Using default value of 60000 milli seconds
15:56:22 WARN  : Given XMD transaction timeout value is invalid. Using default value of 60000 milli seconds
15:56:22 WARN  : Given XMD transaction timeout value is invalid. Using default value of 60000 milli seconds
15:57:22 INFO  : Time out for XMD transaction is 60000
If you want to increase the timeout value, goto Windows-> Preferences -> Xilinx SDK -> XMD Startup
15:57:22 ERROR : Timeout occured while waiting to get reply for command "xreset 0 0x80"
15:57:22 ERROR : Unexpected error while launching program.
java.lang.RuntimeException: 
	at com.xilinx.sdk.targetmanager.internal.TM.doProcessorReset(TM.java:1005)
	at com.xilinx.sdk.debug.core.XilinxAppLaunchConfigurationDelegate.runTargetSetup(XilinxAppLaunchConfigurationDelegate.java:455)
	at com.xilinx.sdk.debug.core.XilinxAppLaunchConfigurationDelegate.runApplication(XilinxAppLaunchConfigurationDelegate.java:616)
	at com.xilinx.sdk.debug.core.XilinxAppLaunchConfigurationDelegate.launch(XilinxAppLaunchConfigurationDelegate.java:309)
	at com.xilinx.sdk.debug.ui.XilinxAppLaunchDelegateWrapper.launch(XilinxAppLaunchDelegateWrapper.java:31)
	at org.eclipse.debug.internal.core.LaunchConfiguration.launch(LaunchConfiguration.java:885)
	at org.eclipse.debug.internal.core.LaunchConfiguration.launch(LaunchConfiguration.java:739)
	at org.eclipse.debug.internal.ui.DebugUIPlugin.buildAndLaunch(DebugUIPlugin.java:1039)
	at org.eclipse.debug.internal.ui.DebugUIPlugin$8.run(DebugUIPlugin.java:1256)
	at org.eclipse.core.internal.jobs.Worker.run(Worker.java:55)
15:57:22 WARN  : Given XMD transaction timeout value is invalid. Using default value of 60000 milli seconds
15:57:22 WARN  : Given XMD transaction timeout value is invalid. Using default value of 60000 milli seconds
15:57:27 WARN  : Given XMD transaction timeout value is invalid. Using default value of 60000 milli seconds
15:57:27 WARN  : Given XMD transaction timeout value is invalid. Using default value of 60000 milli seconds
15:57:27 WARN  : Given XMD transaction timeout value is invalid. Using default value of 60000 milli seconds
15:57:28 WARN  : Given XMD transaction timeout value is invalid. Using default value of 60000 milli seconds
15:57:28 WARN  : Given XMD transaction timeout value is invalid. Using default value of 60000 milli seconds
15:57:28 INFO  : Processor reset is completed for microblaze_0
15:57:28 WARN  : Given XMD transaction timeout value is invalid. Using default value of 60000 milli seconds
15:57:28 WARN  : Given XMD transaction timeout value is invalid. Using default value of 60000 milli seconds
15:57:28 WARN  : Given XMD transaction timeout value is invalid. Using default value of 60000 milli seconds
15:57:28 WARN  : Given XMD transaction timeout value is invalid. Using default value of 60000 milli seconds
15:57:28 WARN  : Given XMD transaction timeout value is invalid. Using default value of 60000 milli seconds
15:57:28 WARN  : Given XMD transaction timeout value is invalid. Using default value of 60000 milli seconds
15:57:28 WARN  : Given XMD transaction timeout value is invalid. Using default value of 60000 milli seconds
16:13:25 WARN  : Given XMD transaction timeout value is invalid. Using default value of 60000 milli seconds
16:13:25 WARN  : Given XMD transaction timeout value is invalid. Using default value of 60000 milli seconds
16:13:25 WARN  : Given XMD transaction timeout value is invalid. Using default value of 60000 milli seconds
16:13:25 WARN  : Given XMD transaction timeout value is invalid. Using default value of 60000 milli seconds
16:13:25 WARN  : Given XMD transaction timeout value is invalid. Using default value of 60000 milli seconds
16:13:29 WARN  : Given XMD transaction timeout value is invalid. Using default value of 60000 milli seconds
16:13:29 WARN  : Given XMD transaction timeout value is invalid. Using default value of 60000 milli seconds
16:13:29 WARN  : Given XMD transaction timeout value is invalid. Using default value of 60000 milli seconds
16:13:29 WARN  : Given XMD transaction timeout value is invalid. Using default value of 60000 milli seconds
16:13:29 WARN  : Given XMD transaction timeout value is invalid. Using default value of 60000 milli seconds
16:13:29 INFO  : Processor reset is completed for microblaze_0
16:13:29 WARN  : Given XMD transaction timeout value is invalid. Using default value of 60000 milli seconds
16:13:29 WARN  : Given XMD transaction timeout value is invalid. Using default value of 60000 milli seconds
16:13:30 WARN  : Given XMD transaction timeout value is invalid. Using default value of 60000 milli seconds
16:13:30 WARN  : Given XMD transaction timeout value is invalid. Using default value of 60000 milli seconds
16:13:30 WARN  : Given XMD transaction timeout value is invalid. Using default value of 60000 milli seconds
16:13:30 WARN  : Given XMD transaction timeout value is invalid. Using default value of 60000 milli seconds
16:13:30 WARN  : Given XMD transaction timeout value is invalid. Using default value of 60000 milli seconds
16:13:53 WARN  : Given XMD transaction timeout value is invalid. Using default value of 60000 milli seconds
16:13:53 INFO  : microblaze_0 Processor is in use. Please stop existing Run or Debug sessions before launching.
16:13:56 WARN  : Given XMD transaction timeout value is invalid. Using default value of 60000 milli seconds
16:13:56 WARN  : Given XMD transaction timeout value is invalid. Using default value of 60000 milli seconds
16:13:56 WARN  : Given XMD transaction timeout value is invalid. Using default value of 60000 milli seconds
16:13:56 WARN  : Given XMD transaction timeout value is invalid. Using default value of 60000 milli seconds
16:13:57 INFO  : Processor reset is completed for microblaze_0
16:13:57 WARN  : Given XMD transaction timeout value is invalid. Using default value of 60000 milli seconds
16:13:57 WARN  : Given XMD transaction timeout value is invalid. Using default value of 60000 milli seconds
16:13:57 WARN  : Given XMD transaction timeout value is invalid. Using default value of 60000 milli seconds
16:13:57 WARN  : Given XMD transaction timeout value is invalid. Using default value of 60000 milli seconds
16:13:57 WARN  : Given XMD transaction timeout value is invalid. Using default value of 60000 milli seconds
16:13:57 WARN  : Given XMD transaction timeout value is invalid. Using default value of 60000 milli seconds
16:13:57 WARN  : Given XMD transaction timeout value is invalid. Using default value of 60000 milli seconds
16:14:14 WARN  : Given XMD transaction timeout value is invalid. Using default value of 60000 milli seconds
16:14:14 WARN  : Given XMD transaction timeout value is invalid. Using default value of 60000 milli seconds
16:14:14 WARN  : Given XMD transaction timeout value is invalid. Using default value of 60000 milli seconds
16:14:14 WARN  : Given XMD transaction timeout value is invalid. Using default value of 60000 milli seconds
16:14:15 WARN  : Given XMD transaction timeout value is invalid. Using default value of 60000 milli seconds
16:14:18 WARN  : Given XMD transaction timeout value is invalid. Using default value of 60000 milli seconds
16:14:18 WARN  : Given XMD transaction timeout value is invalid. Using default value of 60000 milli seconds
16:14:18 WARN  : Given XMD transaction timeout value is invalid. Using default value of 60000 milli seconds
16:14:19 WARN  : Given XMD transaction timeout value is invalid. Using default value of 60000 milli seconds
16:14:19 WARN  : Given XMD transaction timeout value is invalid. Using default value of 60000 milli seconds
16:14:19 INFO  : Processor reset is completed for microblaze_0
16:14:19 WARN  : Given XMD transaction timeout value is invalid. Using default value of 60000 milli seconds
16:14:19 WARN  : Given XMD transaction timeout value is invalid. Using default value of 60000 milli seconds
16:14:19 WARN  : Given XMD transaction timeout value is invalid. Using default value of 60000 milli seconds
16:14:19 WARN  : Given XMD transaction timeout value is invalid. Using default value of 60000 milli seconds
16:14:19 WARN  : Given XMD transaction timeout value is invalid. Using default value of 60000 milli seconds
16:14:19 WARN  : Given XMD transaction timeout value is invalid. Using default value of 60000 milli seconds
16:14:19 WARN  : Given XMD transaction timeout value is invalid. Using default value of 60000 milli seconds
16:27:39 WARN  : Given XMD transaction timeout value is invalid. Using default value of 60000 milli seconds
16:27:39 WARN  : Given XMD transaction timeout value is invalid. Using default value of 60000 milli seconds
16:27:39 WARN  : Given XMD transaction timeout value is invalid. Using default value of 60000 milli seconds
16:27:39 WARN  : Given XMD transaction timeout value is invalid. Using default value of 60000 milli seconds
16:27:39 WARN  : Given XMD transaction timeout value is invalid. Using default value of 60000 milli seconds
16:27:43 WARN  : Given XMD transaction timeout value is invalid. Using default value of 60000 milli seconds
16:27:43 WARN  : Given XMD transaction timeout value is invalid. Using default value of 60000 milli seconds
16:27:43 WARN  : Given XMD transaction timeout value is invalid. Using default value of 60000 milli seconds
16:27:43 WARN  : Given XMD transaction timeout value is invalid. Using default value of 60000 milli seconds
16:27:43 WARN  : Given XMD transaction timeout value is invalid. Using default value of 60000 milli seconds
16:27:43 INFO  : Processor reset is completed for microblaze_0
16:27:43 WARN  : Given XMD transaction timeout value is invalid. Using default value of 60000 milli seconds
16:27:43 WARN  : Given XMD transaction timeout value is invalid. Using default value of 60000 milli seconds
16:27:44 WARN  : Given XMD transaction timeout value is invalid. Using default value of 60000 milli seconds
16:27:44 WARN  : Given XMD transaction timeout value is invalid. Using default value of 60000 milli seconds
16:27:44 WARN  : Given XMD transaction timeout value is invalid. Using default value of 60000 milli seconds
16:27:44 WARN  : Given XMD transaction timeout value is invalid. Using default value of 60000 milli seconds
16:27:44 WARN  : Given XMD transaction timeout value is invalid. Using default value of 60000 milli seconds
16:28:45 WARN  : Given XMD transaction timeout value is invalid. Using default value of 60000 milli seconds
16:28:45 INFO  : microblaze_0 Processor is in use. Please stop existing Run or Debug sessions before launching.
16:28:47 WARN  : Given XMD transaction timeout value is invalid. Using default value of 60000 milli seconds
16:28:47 WARN  : Given XMD transaction timeout value is invalid. Using default value of 60000 milli seconds
16:28:47 WARN  : Given XMD transaction timeout value is invalid. Using default value of 60000 milli seconds
16:28:47 WARN  : Given XMD transaction timeout value is invalid. Using default value of 60000 milli seconds
16:28:48 INFO  : Processor reset is completed for microblaze_0
16:28:48 WARN  : Given XMD transaction timeout value is invalid. Using default value of 60000 milli seconds
16:28:48 WARN  : Given XMD transaction timeout value is invalid. Using default value of 60000 milli seconds
16:28:48 WARN  : Given XMD transaction timeout value is invalid. Using default value of 60000 milli seconds
16:28:48 WARN  : Given XMD transaction timeout value is invalid. Using default value of 60000 milli seconds
16:28:48 WARN  : Given XMD transaction timeout value is invalid. Using default value of 60000 milli seconds
16:28:48 WARN  : Given XMD transaction timeout value is invalid. Using default value of 60000 milli seconds
16:28:48 WARN  : Given XMD transaction timeout value is invalid. Using default value of 60000 milli seconds
16:33:46 WARN  : Given XMD transaction timeout value is invalid. Using default value of 60000 milli seconds
16:33:46 WARN  : Given XMD transaction timeout value is invalid. Using default value of 60000 milli seconds
16:33:46 WARN  : Given XMD transaction timeout value is invalid. Using default value of 60000 milli seconds
16:33:46 WARN  : Given XMD transaction timeout value is invalid. Using default value of 60000 milli seconds
16:33:46 WARN  : Given XMD transaction timeout value is invalid. Using default value of 60000 milli seconds
16:34:04 WARN  : Given XMD transaction timeout value is invalid. Using default value of 60000 milli seconds
16:34:04 WARN  : Given XMD transaction timeout value is invalid. Using default value of 60000 milli seconds
16:34:04 WARN  : Given XMD transaction timeout value is invalid. Using default value of 60000 milli seconds
16:34:04 WARN  : Given XMD transaction timeout value is invalid. Using default value of 60000 milli seconds
16:34:04 WARN  : Given XMD transaction timeout value is invalid. Using default value of 60000 milli seconds
16:34:04 INFO  : Processor reset is completed for microblaze_0
16:34:04 WARN  : Given XMD transaction timeout value is invalid. Using default value of 60000 milli seconds
16:34:04 WARN  : Given XMD transaction timeout value is invalid. Using default value of 60000 milli seconds
16:34:05 WARN  : Given XMD transaction timeout value is invalid. Using default value of 60000 milli seconds
16:34:05 WARN  : Given XMD transaction timeout value is invalid. Using default value of 60000 milli seconds
16:34:05 WARN  : Given XMD transaction timeout value is invalid. Using default value of 60000 milli seconds
16:34:05 WARN  : Given XMD transaction timeout value is invalid. Using default value of 60000 milli seconds
16:34:05 WARN  : Given XMD transaction timeout value is invalid. Using default value of 60000 milli seconds
16:34:13 WARN  : Given XMD transaction timeout value is invalid. Using default value of 60000 milli seconds
16:34:13 WARN  : Given XMD transaction timeout value is invalid. Using default value of 60000 milli seconds
16:34:13 WARN  : Given XMD transaction timeout value is invalid. Using default value of 60000 milli seconds
16:34:24 INFO  : Inferring section assignments and sizes from elf file: D:\Xilinx\Projects\ECE-253-Final-Project\Qwop\Qwop.sdk\qwop\Debug\qwop.elf
16:34:30 INFO  : Successfully generated D:\Xilinx\Projects\ECE-253-Final-Project\Qwop\Qwop.sdk\qwop\src\lscript.ld.
16:34:30 INFO  : Applying linker script to all configurations of project qwop.
16:34:30 INFO  : Setting rebuild state to true for all configurations of project qwop.
16:35:03 INFO  : Connected to target on host '127.0.0.1' and port '3121'.
16:35:03 INFO  : 'targets -set -filter {jtag_cable_name =~ "Digilent Nexys4DDR 210292A4C40EA" && level==0} -index 0' command is executed.
16:35:05 INFO  : FPGA configured successfully with bitstream "D:/Xilinx/Projects/ECE-253-Final-Project/Qwop/Qwop.sdk/system_wrapper_hw_platform_0/download.bit"
16:35:14 WARN  : Given XMD transaction timeout value is invalid. Using default value of 60000 milli seconds
16:35:14 WARN  : Given XMD transaction timeout value is invalid. Using default value of 60000 milli seconds
16:35:14 WARN  : Given XMD transaction timeout value is invalid. Using default value of 60000 milli seconds
16:35:14 WARN  : Given XMD transaction timeout value is invalid. Using default value of 60000 milli seconds
16:35:14 WARN  : Given XMD transaction timeout value is invalid. Using default value of 60000 milli seconds
16:35:14 INFO  : Processor reset is completed for microblaze_0
16:35:14 WARN  : Given XMD transaction timeout value is invalid. Using default value of 60000 milli seconds
16:35:14 WARN  : Given XMD transaction timeout value is invalid. Using default value of 60000 milli seconds
16:35:15 WARN  : Given XMD transaction timeout value is invalid. Using default value of 60000 milli seconds
16:35:15 WARN  : Given XMD transaction timeout value is invalid. Using default value of 60000 milli seconds
16:35:15 WARN  : Given XMD transaction timeout value is invalid. Using default value of 60000 milli seconds
16:35:15 WARN  : Given XMD transaction timeout value is invalid. Using default value of 60000 milli seconds
16:35:15 WARN  : Given XMD transaction timeout value is invalid. Using default value of 60000 milli seconds
16:35:39 WARN  : Given XMD transaction timeout value is invalid. Using default value of 60000 milli seconds
16:35:39 WARN  : Given XMD transaction timeout value is invalid. Using default value of 60000 milli seconds
16:35:39 WARN  : Given XMD transaction timeout value is invalid. Using default value of 60000 milli seconds
16:35:40 WARN  : Given XMD transaction timeout value is invalid. Using default value of 60000 milli seconds
16:35:40 WARN  : Given XMD transaction timeout value is invalid. Using default value of 60000 milli seconds
16:35:43 WARN  : Given XMD transaction timeout value is invalid. Using default value of 60000 milli seconds
16:35:43 WARN  : Given XMD transaction timeout value is invalid. Using default value of 60000 milli seconds
16:35:43 WARN  : Given XMD transaction timeout value is invalid. Using default value of 60000 milli seconds
16:35:43 WARN  : Given XMD transaction timeout value is invalid. Using default value of 60000 milli seconds
16:35:43 WARN  : Given XMD transaction timeout value is invalid. Using default value of 60000 milli seconds
16:35:43 INFO  : Processor reset is completed for microblaze_0
16:35:43 WARN  : Given XMD transaction timeout value is invalid. Using default value of 60000 milli seconds
16:35:43 WARN  : Given XMD transaction timeout value is invalid. Using default value of 60000 milli seconds
16:35:43 WARN  : Given XMD transaction timeout value is invalid. Using default value of 60000 milli seconds
16:35:43 WARN  : Given XMD transaction timeout value is invalid. Using default value of 60000 milli seconds
16:35:44 WARN  : Given XMD transaction timeout value is invalid. Using default value of 60000 milli seconds
16:35:44 WARN  : Given XMD transaction timeout value is invalid. Using default value of 60000 milli seconds
16:35:44 WARN  : Given XMD transaction timeout value is invalid. Using default value of 60000 milli seconds
16:35:51 WARN  : Given XMD transaction timeout value is invalid. Using default value of 60000 milli seconds
16:35:51 WARN  : Given XMD transaction timeout value is invalid. Using default value of 60000 milli seconds
16:35:51 WARN  : Given XMD transaction timeout value is invalid. Using default value of 60000 milli seconds
16:35:52 WARN  : Given XMD transaction timeout value is invalid. Using default value of 60000 milli seconds
16:35:52 WARN  : Given XMD transaction timeout value is invalid. Using default value of 60000 milli seconds
16:45:34 ERROR : Unexpected error while parsing XMD response ?: com.google.gson.JsonSyntaxException: com.google.gson.stream.MalformedJsonException: invalid number or unquoted string near 
13:47:48 INFO  : Registering command handlers for SDK TCF services
13:47:50 INFO  : Launching XSCT server: xsct.bat -interactive D:\Xilinx\Projects\ECE-253-Final-Project\Qwop\Qwop.sdk\temp_xsdb_launch_script.tcl
13:48:00 INFO  : XSCT server has started successfully.
13:48:00 INFO  : Successfully done setting XSCT server connection channel  
13:48:07 INFO  : Successfully done setting SDK workspace  
13:48:07 INFO  : Processing command line option -hwspec D:/Xilinx/Projects/ECE-253-Final-Project/Qwop/Qwop.sdk/system_wrapper.hdf.
13:48:07 INFO  : Checking for hwspec changes in the project system_wrapper_hw_platform_0.
13:48:15 INFO  : SDK has detected change in the last modified timestamps for source hardware specification file Source:1543960570000,  Project:1543879581737
13:48:15 INFO  : The hardware specification for project 'system_wrapper_hw_platform_0' is different from D:/Xilinx/Projects/ECE-253-Final-Project/Qwop/Qwop.sdk/system_wrapper.hdf.
13:48:17 INFO  : Copied contents of D:/Xilinx/Projects/ECE-253-Final-Project/Qwop/Qwop.sdk/system_wrapper.hdf into \system_wrapper_hw_platform_0\system.hdf.
13:48:48 INFO  : Synchronizing projects in the workspace with the hardware platform specification changes.
13:49:02 INFO  : 
13:49:03 INFO  : Updating hardware inferred compiler options for qwop.
13:49:03 INFO  : Clearing existing target manager status.
13:49:04 WARN  : Given IPC port value is invalid. Using default port 2350
13:49:04 WARN  : Given XMD timeout value is invalid. Using default value of 50000
13:49:07 WARN  : Given XMD transaction timeout value is invalid. Using default value of 60000 milli seconds
13:53:49 INFO  : Inferring section assignments and sizes from elf file: D:\Xilinx\Projects\ECE-253-Final-Project\Qwop\Qwop.sdk\Qwop\Debug\Qwop.elf
13:53:54 INFO  : Successfully generated D:\Xilinx\Projects\ECE-253-Final-Project\Qwop\Qwop.sdk\Qwop\src\lscript.ld.
13:53:54 INFO  : Applying linker script to all configurations of project Qwop.
13:53:54 INFO  : Setting rebuild state to true for all configurations of project Qwop.
13:54:28 INFO  : Connected to target on host '127.0.0.1' and port '3121'.
13:54:31 INFO  : 'targets -set -filter {jtag_cable_name =~ "Digilent Nexys4DDR 210292A4C40EA" && level==0} -index 0' command is executed.
13:54:34 INFO  : FPGA configured successfully with bitstream "D:/Xilinx/Projects/ECE-253-Final-Project/Qwop/Qwop.sdk/system_wrapper_hw_platform_0/download.bit"
13:55:15 INFO  : 'targets -set -filter {jtag_cable_name =~ "Digilent Nexys4DDR 210292A4C40EA" && level==0} -index 0' command is executed.
13:55:15 INFO  : 'fpga -state' command is executed.
13:55:15 INFO  : Connected to target on host '127.0.0.1' and port '3121'.
13:55:16 INFO  : Jtag cable 'Digilent Nexys4DDR 210292A4C40EA' is selected.
13:55:16 INFO  : 'jtag frequency' command is executed.
13:55:16 INFO  : Context for processor 'microblaze_0' is selected.
13:55:16 INFO  : Processor reset is completed for 'microblaze_0'.
13:55:16 INFO  : Context for processor 'microblaze_0' is selected.
13:55:17 INFO  : The application 'D:/Xilinx/Projects/ECE-253-Final-Project/Qwop/Qwop.sdk/Qwop/Debug/Qwop.elf' is downloaded to processor 'microblaze_0'.
13:55:17 INFO  : ----------------XSDB Script----------------
connect -url tcp:127.0.0.1:3121
targets -set -nocase -filter {name =~ "microblaze*#0" && bscan=="USER2"  && jtag_cable_name =~ "Digilent Nexys4DDR 210292A4C40EA"} -index 0
rst -processor
targets -set -nocase -filter {name =~ "microblaze*#0" && bscan=="USER2"  && jtag_cable_name =~ "Digilent Nexys4DDR 210292A4C40EA"} -index 0
dow D:/Xilinx/Projects/ECE-253-Final-Project/Qwop/Qwop.sdk/Qwop/Debug/Qwop.elf
----------------End of Script----------------

13:55:17 INFO  : Memory regions updated for context MicroBlaze #0
13:55:17 INFO  : Memory regions updated for context MicroBlaze Debug Module at USER2
13:55:17 INFO  : Context for processor 'microblaze_0' is selected.
13:55:17 INFO  : 'con' command is executed.
13:55:17 INFO  : ----------------XSDB Script (After Launch)----------------
targets -set -nocase -filter {name =~ "microblaze*#0" && bscan=="USER2"  && jtag_cable_name =~ "Digilent Nexys4DDR 210292A4C40EA"} -index 0
con
----------------End of Script----------------

13:55:17 INFO  : Launch script is exported to file 'D:\Xilinx\Projects\ECE-253-Final-Project\Qwop\Qwop.sdk\.sdk\launch_scripts\xilinx_c-c++_application_(system_debugger)\system_debugger_using_debug_qwop.elf_on_local.tcl'
13:57:34 INFO  : Disconnected from the channel tcfchan#1.
13:57:36 INFO  : 'targets -set -filter {jtag_cable_name =~ "Digilent Nexys4DDR 210292A4C40EA" && level==0} -index 0' command is executed.
13:57:36 INFO  : 'fpga -state' command is executed.
13:57:36 INFO  : Connected to target on host '127.0.0.1' and port '3121'.
13:57:37 INFO  : Jtag cable 'Digilent Nexys4DDR 210292A4C40EA' is selected.
13:57:37 INFO  : 'jtag frequency' command is executed.
13:57:37 INFO  : Context for processor 'microblaze_0' is selected.
13:57:37 INFO  : Processor reset is completed for 'microblaze_0'.
13:57:37 INFO  : Context for processor 'microblaze_0' is selected.
13:57:38 INFO  : The application 'D:/Xilinx/Projects/ECE-253-Final-Project/Qwop/Qwop.sdk/Qwop/Debug/Qwop.elf' is downloaded to processor 'microblaze_0'.
13:57:38 INFO  : ----------------XSDB Script----------------
connect -url tcp:127.0.0.1:3121
targets -set -nocase -filter {name =~ "microblaze*#0" && bscan=="USER2"  && jtag_cable_name =~ "Digilent Nexys4DDR 210292A4C40EA"} -index 0
rst -processor
targets -set -nocase -filter {name =~ "microblaze*#0" && bscan=="USER2"  && jtag_cable_name =~ "Digilent Nexys4DDR 210292A4C40EA"} -index 0
dow D:/Xilinx/Projects/ECE-253-Final-Project/Qwop/Qwop.sdk/Qwop/Debug/Qwop.elf
----------------End of Script----------------

13:57:38 INFO  : Memory regions updated for context MicroBlaze #0
13:57:38 INFO  : Memory regions updated for context MicroBlaze Debug Module at USER2
13:57:38 INFO  : Context for processor 'microblaze_0' is selected.
13:57:38 INFO  : 'con' command is executed.
13:57:38 INFO  : ----------------XSDB Script (After Launch)----------------
targets -set -nocase -filter {name =~ "microblaze*#0" && bscan=="USER2"  && jtag_cable_name =~ "Digilent Nexys4DDR 210292A4C40EA"} -index 0
con
----------------End of Script----------------

13:57:38 INFO  : Launch script is exported to file 'D:\Xilinx\Projects\ECE-253-Final-Project\Qwop\Qwop.sdk\.sdk\launch_scripts\xilinx_c-c++_application_(system_debugger)\system_debugger_using_debug_qwop.elf_on_local.tcl'
14:01:14 INFO  : Inferring section assignments and sizes from elf file: D:\Xilinx\Projects\ECE-253-Final-Project\Qwop\Qwop.sdk\Qwop\Debug\Qwop.elf
14:07:53 INFO  : Disconnected from the channel tcfchan#2.
14:07:57 ERROR : Unexpected error while parsing XMD response ?: com.google.gson.JsonSyntaxException: com.google.gson.stream.MalformedJsonException: invalid number or unquoted string near 
