#-----------------------------------------------------------
# Vivado v2017.4 (64-bit)
# SW Build 2086221 on Fri Dec 15 20:55:39 MST 2017
# IP Build 2085800 on Fri Dec 15 22:25:07 MST 2017
# Start of session at: Wed Dec  5 13:42:42 2018
# Process ID: 2200
# Current directory: D:/Xilinx/Projects/ECE-253-Final-Project/Qwop
# Command line: vivado.exe -gui_launcher_event rodinguilauncherevent2376 D:\Xilinx\Projects\ECE-253-Final-Project\Qwop\Qwop.xpr
# Log file: D:/Xilinx/Projects/ECE-253-Final-Project/Qwop/vivado.log
# Journal file: D:/Xilinx/Projects/ECE-253-Final-Project/Qwop\vivado.jou
#-----------------------------------------------------------
start_gui
open_project D:/Xilinx/Projects/ECE-253-Final-Project/Qwop/Qwop.xpr
Scanning sources...
Finished scanning sources
INFO: [IP_Flow 19-234] Refreshing IP repositories
INFO: [IP_Flow 19-1704] No user IP repositories specified
INFO: [IP_Flow 19-2313] Loaded Vivado IP repository 'D:/Xilinx/Vivado/2017.4/data/ip'.
WARNING: [IP_Flow 19-3664] IP 'system_microblaze_0_0' generated file not found 'd:/Xilinx/Projects/ECE-253-Final-Project/Qwop/Qwop.srcs/sources_1/bd/system/ip/system_microblaze_0_0/data/mb_bootloop_le.elf'. Please regenerate to continue.
WARNING: [IP_Flow 19-3664] IP 'system_microblaze_0_0' generated file not found 'd:/Xilinx/Projects/ECE-253-Final-Project/Qwop/Qwop.srcs/sources_1/bd/system/ip/system_microblaze_0_0/data/mb_bootloop_le.elf'. Please regenerate to continue.
open_project: Time (s): cpu = 00:00:38 ; elapsed = 00:00:30 . Memory (MB): peak = 917.043 ; gain = 203.461
update_compile_order -fileset sources_1
open_bd_design {D:/Xilinx/Projects/ECE-253-Final-Project/Qwop/Qwop.srcs/sources_1/bd/system/system.bd}
Adding cell -- xilinx.com:ip:mig_7series:4.0 - mig_7series_0
Adding cell -- xilinx.com:ip:microblaze:10.0 - microblaze_0
Adding cell -- xilinx.com:ip:axi_intc:4.1 - microblaze_0_axi_intc
Adding cell -- xilinx.com:ip:xlconcat:2.1 - microblaze_0_xlconcat
Adding cell -- xilinx.com:ip:mdm:3.2 - mdm_1
Adding cell -- xilinx.com:ip:proc_sys_reset:5.0 - rst_mig_7series_0_100M
Adding cell -- xilinx.com:ip:axi_timer:2.0 - axi_timer_0
Adding cell -- xilinx.com:ip:axi_gpio:2.0 - LEDs
Adding cell -- xilinx.com:ip:axi_gpio:2.0 - btns
Adding cell -- xilinx.com:ip:axi_tft:2.0 - axi_tft_0
Adding cell -- xilinx.com:ip:clk_wiz:5.4 - clk_wiz_0
Adding cell -- xilinx.com:ip:xlslice:1.0 - red
Adding cell -- xilinx.com:ip:xlslice:1.0 - green
Adding cell -- xilinx.com:ip:xlslice:1.0 - blue
Adding cell -- xilinx.com:ip:axi_crossbar:2.1 - xbar
Adding cell -- xilinx.com:ip:axi_protocol_converter:2.1 - auto_pc
Adding cell -- xilinx.com:ip:axi_protocol_converter:2.1 - auto_pc
Adding cell -- xilinx.com:ip:axi_protocol_converter:2.1 - auto_pc
Adding cell -- xilinx.com:ip:axi_protocol_converter:2.1 - auto_pc
Adding cell -- xilinx.com:ip:axi_protocol_converter:2.1 - auto_pc
Adding cell -- xilinx.com:ip:axi_protocol_converter:2.1 - auto_pc
Adding cell -- xilinx.com:ip:axi_protocol_converter:2.1 - auto_pc
Adding cell -- xilinx.com:ip:axi_protocol_converter:2.1 - auto_pc
Adding cell -- xilinx.com:ip:lmb_v10:3.0 - dlmb_v10
Adding cell -- xilinx.com:ip:lmb_v10:3.0 - ilmb_v10
Adding cell -- xilinx.com:ip:lmb_bram_if_cntlr:4.0 - dlmb_bram_if_cntlr
Adding cell -- xilinx.com:ip:lmb_bram_if_cntlr:4.0 - ilmb_bram_if_cntlr
Adding cell -- xilinx.com:ip:blk_mem_gen:8.4 - lmb_bram
Excluding </LEDs/S_AXI/Reg> from </axi_tft_0/Video_data>
Excluding </axi_tft_0/S_AXI_MM/Reg> from </axi_tft_0/Video_data>
Excluding </axi_timer_0/S_AXI/Reg> from </axi_tft_0/Video_data>
Excluding </btns/S_AXI/Reg> from </axi_tft_0/Video_data>
Excluding </mdm_1/S_AXI/Reg> from </axi_tft_0/Video_data>
Excluding </microblaze_0_axi_intc/S_AXI/Reg> from </axi_tft_0/Video_data>
Successfully read diagram <system> from BD file <D:/Xilinx/Projects/ECE-253-Final-Project/Qwop/Qwop.srcs/sources_1/bd/system/system.bd>
open_bd_design: Time (s): cpu = 00:00:11 ; elapsed = 00:00:09 . Memory (MB): peak = 980.316 ; gain = 58.738
open_run impl_1
INFO: [Netlist 29-17] Analyzing 833 Unisim elements for replacement
INFO: [Netlist 29-28] Unisim Transformation completed in 1 CPU seconds
INFO: [Project 1-479] Netlist was created with Vivado 2017.4
INFO: [Device 21-403] Loading part xc7a100tcsg324-1
INFO: [Project 1-570] Preparing netlist for logic optimization
WARNING: [Constraints 18-550] Could not create 'IBUF_LOW_PWR' constraint because net 'system_i/clk_wiz_0/clk_in1' is not directly connected to top level port. 'IBUF_LOW_PWR' is ignored by Vivado but preserved for implementation tool. [D:/Xilinx/Projects/ECE-253-Final-Project/Qwop/Qwop.runs/impl_1/.Xil/Vivado-8356-MY-LAPTOP/dcp19/system_clk_wiz_0_0.edf:276]
Parsing XDC File [D:/Xilinx/Projects/ECE-253-Final-Project/Qwop/.Xil/Vivado-2200-MY-LAPTOP/dcp0/system_wrapper_board.xdc]
Finished Parsing XDC File [D:/Xilinx/Projects/ECE-253-Final-Project/Qwop/.Xil/Vivado-2200-MY-LAPTOP/dcp0/system_wrapper_board.xdc]
Parsing XDC File [D:/Xilinx/Projects/ECE-253-Final-Project/Qwop/.Xil/Vivado-2200-MY-LAPTOP/dcp0/system_wrapper_early.xdc]
INFO: [Timing 38-35] Done setting XDC timing constraints. [D:/Xilinx/Projects/ECE-253-Final-Project/Qwop/Qwop.srcs/sources_1/bd/system/ip/system_mdm_1_0/system_mdm_1_0.xdc:50]
INFO: [Timing 38-2] Deriving generated clocks [D:/Xilinx/Projects/ECE-253-Final-Project/Qwop/Qwop.srcs/sources_1/bd/system/ip/system_mdm_1_0/system_mdm_1_0.xdc:50]
get_clocks: Time (s): cpu = 00:00:19 ; elapsed = 00:00:18 . Memory (MB): peak = 1993.461 ; gain = 554.109
INFO: [Timing 38-2] Deriving generated clocks [D:/Xilinx/Projects/ECE-253-Final-Project/Qwop/Qwop.srcs/sources_1/bd/system/ip/system_clk_wiz_0_0/system_clk_wiz_0_0.xdc:57]
Finished Parsing XDC File [D:/Xilinx/Projects/ECE-253-Final-Project/Qwop/.Xil/Vivado-2200-MY-LAPTOP/dcp0/system_wrapper_early.xdc]
Parsing XDC File [D:/Xilinx/Projects/ECE-253-Final-Project/Qwop/.Xil/Vivado-2200-MY-LAPTOP/dcp0/system_wrapper.xdc]
Finished Parsing XDC File [D:/Xilinx/Projects/ECE-253-Final-Project/Qwop/.Xil/Vivado-2200-MY-LAPTOP/dcp0/system_wrapper.xdc]
Parsing XDC File [D:/Xilinx/Projects/ECE-253-Final-Project/Qwop/.Xil/Vivado-2200-MY-LAPTOP/dcp0/system_wrapper_late.xdc]
Finished Parsing XDC File [D:/Xilinx/Projects/ECE-253-Final-Project/Qwop/.Xil/Vivado-2200-MY-LAPTOP/dcp0/system_wrapper_late.xdc]
Reading XDEF placement.
Reading placer database...
Reading XDEF routing.
Read XDEF File: Time (s): cpu = 00:00:02 ; elapsed = 00:00:02 . Memory (MB): peak = 2005.691 ; gain = 3.012
Restored from archive | CPU: 2.000000 secs | Memory: 0.000000 MB |
Finished XDEF File Restore: Time (s): cpu = 00:00:02 ; elapsed = 00:00:02 . Memory (MB): peak = 2005.691 ; gain = 3.012
Generating merged BMM file for the design top 'system_wrapper'...
WARNING: [Memdata 28-83] data2mem failed to update 'BRAM' components in the current design
INFO: [Project 1-111] Unisim Transformation Summary:
  A total of 250 instances were transformed.
  IOBUFDS_INTERMDISABLE => IOBUFDS_INTERMDISABLE (IBUFDS_INTERMDISABLE_INT, IBUFDS_INTERMDISABLE_INT, INV, OBUFTDS, OBUFTDS): 2 instances
  IOBUF_INTERMDISABLE => IOBUF_INTERMDISABLE (IBUF_INTERMDISABLE, OBUFT): 16 instances
  LUT6_2 => LUT6_2 (LUT5, LUT6): 92 instances
  OBUFDS => OBUFDS_DUAL_BUF (INV, OBUFDS, OBUFDS): 1 instances
  RAM16X1D => RAM32X1D (RAMD32, RAMD32): 32 instances
  RAM32M => RAM32M (RAMD32, RAMD32, RAMD32, RAMD32, RAMD32, RAMD32, RAMS32, RAMS32): 104 instances
  SRLC16E => SRL16E: 2 instances
  SRLC32E => SRL16E: 1 instances

open_run: Time (s): cpu = 00:00:58 ; elapsed = 00:01:08 . Memory (MB): peak = 2108.262 ; gain = 1109.797
open_report: Time (s): cpu = 00:00:16 ; elapsed = 00:00:13 . Memory (MB): peak = 2163.969 ; gain = 46.508
INFO: [Vivado 12-4159] Implementation run is out of date. Exported hardware information may be inconsistent with respect to the current state of the design. It is recommended that you re-run implementation and re-generate bitstream before doing hardware export.
file copy -force D:/Xilinx/Projects/ECE-253-Final-Project/Qwop/Qwop.runs/impl_1/system_wrapper.sysdef D:/Xilinx/Projects/ECE-253-Final-Project/Qwop/Qwop.sdk/system_wrapper.hdf

INFO: [Vivado 12-4158] Exported Hardware file is out of date. Exported hardware information may be inconsistent with respect to the current state of the design. It is recommended that you re-export the design and launch SDK otherwise SDK is launched with out of date hardware system file.
launch_sdk -workspace D:/Xilinx/Projects/ECE-253-Final-Project/Qwop/Qwop.sdk -hwspec D:/Xilinx/Projects/ECE-253-Final-Project/Qwop/Qwop.sdk/system_wrapper.hdf
INFO: [Vivado 12-393] Launching SDK...
INFO: [Vivado 12-417] Running xsdk -workspace D:/Xilinx/Projects/ECE-253-Final-Project/Qwop/Qwop.sdk -hwspec D:/Xilinx/Projects/ECE-253-Final-Project/Qwop/Qwop.sdk/system_wrapper.hdf
INFO: [Vivado 12-3157] SDK launch initiated. Please check console for any further messages.
INFO: [Vivado 12-4158] Exported Hardware file is out of date. Exported hardware information may be inconsistent with respect to the current state of the design. It is recommended that you re-export the design and launch SDK otherwise SDK is launched with out of date hardware system file.
INFO: [Vivado 12-4159] Implementation run is out of date. Exported hardware information may be inconsistent with respect to the current state of the design. It is recommended that you re-run implementation and re-generate bitstream before doing hardware export.
file copy -force D:/Xilinx/Projects/ECE-253-Final-Project/Qwop/Qwop.runs/impl_1/system_wrapper.sysdef D:/Xilinx/Projects/ECE-253-Final-Project/Qwop/Qwop.sdk/system_wrapper.hdf

INFO: [Vivado 12-4158] Exported Hardware file is out of date. Exported hardware information may be inconsistent with respect to the current state of the design. It is recommended that you re-export the design and launch SDK otherwise SDK is launched with out of date hardware system file.
launch_sdk -workspace D:/Xilinx/Projects/ECE-253-Final-Project/Qwop/Qwop.sdk -hwspec D:/Xilinx/Projects/ECE-253-Final-Project/Qwop/Qwop.sdk/system_wrapper.hdf
INFO: [Vivado 12-393] Launching SDK...
INFO: [Vivado 12-417] Running xsdk -workspace D:/Xilinx/Projects/ECE-253-Final-Project/Qwop/Qwop.sdk -hwspec D:/Xilinx/Projects/ECE-253-Final-Project/Qwop/Qwop.sdk/system_wrapper.hdf
INFO: [Vivado 12-3157] SDK launch initiated. Please check console for any further messages.
exit
INFO: [Common 17-206] Exiting Vivado at Wed Dec  5 14:07:57 2018...
