#-----------------------------------------------------------
# Webtalk v2017.4 (64-bit)
# SW Build 2086221 on Fri Dec 15 20:55:39 MST 2017
# 
# Start of session at: Mon Dec  3 16:45:33 2018
# Process ID: 4012
# Current directory: D:/Xilinx/Projects/ECE-253-Final-Project/Qwop/Qwop.sdk/webtalk
# Command line: wbtcv.exe -mode batch -source sdk_webtalk.tcl
# Log file: D:/Xilinx/Projects/ECE-253-Final-Project/Qwop/Qwop.sdk/webtalk/webtalk.log
# Journal file: D:/Xilinx/Projects/ECE-253-Final-Project/Qwop/Qwop.sdk/webtalk\webtalk.jou
#-----------------------------------------------------------
source sdk_webtalk.tcl
# webtalk_init -webtalk_dir D:\\Xilinx\\Projects\\ECE-253-Final-Project\\Qwop\\Qwop.sdk\\webtalk
# webtalk_register_client -client project
# webtalk_add_data -client project -key date_generated -value "2018-12-03 16:45:31" -context "software_version_and_target_device"
# webtalk_add_data -client project -key product_version -value "SDK v2017.4" -context "software_version_and_target_device"
# webtalk_add_data -client project -key build_version -value "2017.4" -context "software_version_and_target_device"
# webtalk_add_data -client project -key os_platform -value "amd64" -context "software_version_and_target_device"
# webtalk_add_data -client project -key registration_id -value "174131348_174131349_210688311_564" -context "software_version_and_target_device"
# webtalk_add_data -client project -key tool_flow -value "SDK" -context "software_version_and_target_device"
# webtalk_add_data -client project -key beta -value "false" -context "software_version_and_target_device"
# webtalk_add_data -client project -key route_design -value "NA" -context "software_version_and_target_device"
# webtalk_add_data -client project -key target_family -value "NA" -context "software_version_and_target_device"
# webtalk_add_data -client project -key target_device -value "NA" -context "software_version_and_target_device"
# webtalk_add_data -client project -key target_package -value "NA" -context "software_version_and_target_device"
# webtalk_add_data -client project -key target_speed -value "NA" -context "software_version_and_target_device"
# webtalk_add_data -client project -key random_id -value "ooei66thn3po55s4q1j821ffq6" -context "software_version_and_target_device"
# webtalk_add_data -client project -key project_id -value "2017.4_2" -context "software_version_and_target_device"
# webtalk_add_data -client project -key project_iteration -value "2" -context "software_version_and_target_device"
# webtalk_add_data -client project -key os_name -value "Microsoft Windows 8 or later , 64-bit" -context "user_environment"
# webtalk_add_data -client project -key os_release -value "major release  (build 9200)" -context "user_environment"
# webtalk_add_data -client project -key cpu_name -value "Intel(R) Core(TM) i5-8250U CPU @ 1.60GHz" -context "user_environment"
# webtalk_add_data -client project -key cpu_speed -value "1800 MHz" -context "user_environment"
# webtalk_add_data -client project -key total_processors -value "1" -context "user_environment"
# webtalk_add_data -client project -key system_ram -value "8.467 GB" -context "user_environment"
# webtalk_register_client -client sdk
# webtalk_add_data -client sdk -key uid -value "1543879683400" -context "sdk\\\\hardware/1543879683400"
# webtalk_add_data -client sdk -key isZynq -value "false" -context "sdk\\\\hardware/1543879683400"
# webtalk_add_data -client sdk -key isZynqMP -value "false" -context "sdk\\\\hardware/1543879683400"
# webtalk_add_data -client sdk -key Processors -value "1" -context "sdk\\\\hardware/1543879683400"
# webtalk_add_data -client sdk -key VivadoVersion -value "2017.4" -context "sdk\\\\hardware/1543879683400"
# webtalk_add_data -client sdk -key Arch -value "artix7" -context "sdk\\\\hardware/1543879683400"
# webtalk_add_data -client sdk -key Device -value "7a100t" -context "sdk\\\\hardware/1543879683400"
# webtalk_add_data -client sdk -key IsHandoff -value "true" -context "sdk\\\\hardware/1543879683400"
# webtalk_add_data -client sdk -key os -value "NA" -context "sdk\\\\hardware/1543879683400"
# webtalk_add_data -client sdk -key apptemplate -value "NA" -context "sdk\\\\hardware/1543879683400"
# webtalk_add_data -client sdk -key RecordType -value "HWCreation" -context "sdk\\\\hardware/1543879683400"
# webtalk_add_data -client sdk -key uid -value "1543879722536" -context "sdk\\\\bsp/1543879722536"
# webtalk_add_data -client sdk -key hwid -value "1543879683400" -context "sdk\\\\bsp/1543879722536"
# webtalk_add_data -client sdk -key os -value "standalone" -context "sdk\\\\bsp/1543879722536"
# webtalk_add_data -client sdk -key apptemplate -value "hello_world" -context "sdk\\\\bsp/1543879722536"
# webtalk_add_data -client sdk -key RecordType -value "BSPCreation" -context "sdk\\\\bsp/1543879722536"
# webtalk_add_data -client sdk -key uid -value "1543879744880" -context "sdk\\\\application/1543879744880"
# webtalk_add_data -client sdk -key hwid -value "1543879683400" -context "sdk\\\\application/1543879744880"
# webtalk_add_data -client sdk -key bspid -value "1543879722536" -context "sdk\\\\application/1543879744880"
# webtalk_add_data -client sdk -key newbsp -value "true" -context "sdk\\\\application/1543879744880"
# webtalk_add_data -client sdk -key os -value "standalone" -context "sdk\\\\application/1543879744880"
# webtalk_add_data -client sdk -key apptemplate -value "hello_world" -context "sdk\\\\application/1543879744880"
# webtalk_add_data -client sdk -key RecordType -value "APPCreation" -context "sdk\\\\application/1543879744880"
# webtalk_add_data -client sdk -key LangUsed -value "C" -context "sdk\\\\application/1543879744880"
# webtalk_add_data -client sdk -key Procused -value "microblaze" -context "sdk\\\\application/1543879744880"
# webtalk_add_data -client sdk -key projSize -value "84.38671875" -context "sdk\\\\application/1543879744880"
# webtalk_add_data -client sdk -key uid -value "1543884209785" -context "sdk\\\\bsp/1543884209785"
# webtalk_add_data -client sdk -key hwid -value "1543879683400" -context "sdk\\\\bsp/1543884209785"
# webtalk_add_data -client sdk -key os -value "standalone" -context "sdk\\\\bsp/1543884209785"
# webtalk_add_data -client sdk -key apptemplate -value "peripheral_tests" -context "sdk\\\\bsp/1543884209785"
# webtalk_add_data -client sdk -key RecordType -value "BSPCreation" -context "sdk\\\\bsp/1543884209785"
# webtalk_add_data -client sdk -key uid -value "1543884212710" -context "sdk\\\\application/1543884212710"
# webtalk_add_data -client sdk -key hwid -value "1543879683400" -context "sdk\\\\application/1543884212710"
# webtalk_add_data -client sdk -key bspid -value "1543884209785" -context "sdk\\\\application/1543884212710"
# webtalk_add_data -client sdk -key newbsp -value "true" -context "sdk\\\\application/1543884212710"
# webtalk_add_data -client sdk -key os -value "standalone" -context "sdk\\\\application/1543884212710"
# webtalk_add_data -client sdk -key apptemplate -value "peripheral_tests" -context "sdk\\\\application/1543884212710"
# webtalk_add_data -client sdk -key RecordType -value "APPCreation" -context "sdk\\\\application/1543884212710"
# webtalk_add_data -client sdk -key LangUsed -value "C" -context "sdk\\\\application/1543884212710"
# webtalk_add_data -client sdk -key Procused -value "microblaze" -context "sdk\\\\application/1543884212710"
# webtalk_add_data -client sdk -key uid -value "NA" -context "sdk\\\\bsp/1543884331737"
# webtalk_add_data -client sdk -key RecordType -value "ToolUsage" -context "sdk\\\\bsp/1543884331737"
# webtalk_add_data -client sdk -key BootgenCount -value "0" -context "sdk\\\\bsp/1543884331737"
# webtalk_add_data -client sdk -key DebugCount -value "0" -context "sdk\\\\bsp/1543884331737"
# webtalk_add_data -client sdk -key PerfCount -value "0" -context "sdk\\\\bsp/1543884331737"
# webtalk_add_data -client sdk -key FlashCount -value "0" -context "sdk\\\\bsp/1543884331737"
# webtalk_add_data -client sdk -key CrossTriggCount -value "0" -context "sdk\\\\bsp/1543884331737"
# webtalk_add_data -client sdk -key QemuDebugCount -value "0" -context "sdk\\\\bsp/1543884331737"
# webtalk_transmit -clientid 4066349217 -regid "174131348_174131349_210688311_564" -xml D:\\Xilinx\\Projects\\ECE-253-Final-Project\\Qwop\\Qwop.sdk\\webtalk\\usage_statistics_ext_sdk.xml -html D:\\Xilinx\\Projects\\ECE-253-Final-Project\\Qwop\\Qwop.sdk\\webtalk\\usage_statistics_ext_sdk.html -wdm D:\\Xilinx\\Projects\\ECE-253-Final-Project\\Qwop\\Qwop.sdk\\webtalk\\sdk_webtalk.wdm -intro "<H3>SDK Usage Report</H3><BR>"
INFO: [Common 17-186] 'D:\Xilinx\Projects\ECE-253-Final-Project\Qwop\Qwop.sdk\webtalk\usage_statistics_ext_sdk.xml' has been successfully sent to Xilinx on Mon Dec  3 16:45:37 2018. For additional details about this file, please refer to the WebTalk help file at D:/Xilinx/SDK/2017.4/doc/webtalk_introduction.html.
# webtalk_terminate
INFO: [Common 17-206] Exiting Webtalk at Mon Dec  3 16:45:37 2018...
